<?xml version="1.0" encoding="UTF-8"?>
<testng-results ignored="0" total="1" passed="1" failed="0" skipped="0">
  <reporter-output>
  </reporter-output>
  <suite started-at="2021-07-24T08:11:17 IST" name="Default suite" finished-at="2021-07-24T08:12:23 IST" duration-ms="66528">
    <groups>
      <group name="cucumber">
        <method signature="AbstractTestNGCucumberTests.feature(cucumber.api.testng.CucumberFeatureWrapper)[pri:0, instance:Hackathon.LumensWebsite.LumensRunnerFile@26d9b808]" name="feature" class="cucumber.api.testng.AbstractTestNGCucumberTests"/>
      </group> <!-- cucumber -->
    </groups>
    <test started-at="2021-07-24T08:11:17 IST" name="Default test" finished-at="2021-07-24T08:12:23 IST" duration-ms="66528">
      <class name="Hackathon.LumensWebsite.LumensRunnerFile">
        <test-method is-config="true" signature="setUpClass()[pri:0, instance:Hackathon.LumensWebsite.LumensRunnerFile@26d9b808]" started-at="2021-07-24T08:11:17 IST" name="setUpClass" finished-at="2021-07-24T08:11:17 IST" duration-ms="620" status="PASS">
          <reporter-output>
          </reporter-output>
        </test-method> <!-- setUpClass -->
        <test-method signature="feature(cucumber.api.testng.CucumberFeatureWrapper)[pri:0, instance:Hackathon.LumensWebsite.LumensRunnerFile@26d9b808]" started-at="2021-07-24T08:11:18 IST" name="feature" description="Runs Cucumber Feature" data-provider="features" finished-at="2021-07-24T08:12:23 IST" duration-ms="65096" status="PASS">
          <params>
            <param index="0">
              <value>
                <![CDATA[lumensApplication TestCases (End to End validation)]]>
              </value>
            </param>
          </params>
          <reporter-output>
          </reporter-output>
        </test-method> <!-- feature -->
        <test-method is-config="true" signature="tearDownClass()[pri:0, instance:Hackathon.LumensWebsite.LumensRunnerFile@26d9b808]" started-at="2021-07-24T08:12:23 IST" name="tearDownClass" finished-at="2021-07-24T08:12:23 IST" duration-ms="543" status="PASS">
          <reporter-output>
          </reporter-output>
        </test-method> <!-- tearDownClass -->
      </class> <!-- Hackathon.LumensWebsite.LumensRunnerFile -->
    </test> <!-- Default test -->
  </suite> <!-- Default suite -->
</testng-results>
